<config name="bla">
<property 
name="first" 
value="smiling bag"/>
<property 
name="second" 
value=owls/>
</config>